<?xml version="1.0" encoding="UTF-8"?>
<!-- Generated by org.testng.reporters.JUnitXMLReporter -->
<testsuite hostname="yzl-PC" name="Default test" tests="9" failures="0" timestamp="22 Jun 2017 08:12:57 GMT" time="0.104" errors="0">
  <testcase name="search0010" time="0.01" classname="com.test.testcase.MyTest"/>
  <testcase name="search0011" time="0.001" classname="com.test.testcase.MyTest"/>
  <testcase name="search003" time="0.002" classname="com.test.testcase.MyTest"/>
  <testcase name="search004" time="0.002" classname="com.test.testcase.MyTest"/>
  <testcase name="search005" time="0.002" classname="com.test.testcase.MyTest"/>
  <testcase name="search006" time="0.001" classname="com.test.testcase.MyTest"/>
  <testcase name="search007" time="0.002" classname="com.test.testcase.MyTest"/>
  <testcase name="search008" time="0.001" classname="com.test.testcase.MyTest"/>
  <testcase name="search009" time="0.001" classname="com.test.testcase.MyTest"/>
</testsuite> <!-- Default test -->
